# JRE version: Java(TM) SE Runtime Environment (8.0_05-b13) (build 1.8.0_05-b13)
# Java VM: Java HotSpot(TM) 64-Bit Server VM (25.5-b02 mixed mode linux-amd64 compressed oops)
Heap:
 PSYoungGen      total 88576K, used 2146K [0x00000000f0000000, 0x00000000fa400000, 0x0000000100000000)
  eden space 88064K, 2% used [0x00000000f0000000,0x00000000f0218940,0x00000000f5600000)
  from space 512K, 0% used [0x00000000f5600000,0x00000000f5600000,0x00000000f5680000)
  to   space 39936K, 0% used [0x00000000f7d00000,0x00000000f7d00000,0x00000000fa400000)
 ParOldGen       total 190464K, used 114849K [0x00000000d0000000, 0x00000000dba00000, 0x00000000f0000000)
  object space 190464K, 60% used [0x00000000d0000000,0x00000000d70287d0,0x00000000dba00000)
 Metaspace       used 123528K, capacity 131046K, committed 144944K, reserved 1173504K
  class space    used 14808K, capacity 16915K, committed 20784K, reserved 1048576K
GC Heap History (10 events):
Event: 1630,815 GC heap before
{Heap before GC invocations=115 (full 32):
 PSYoungGen      total 88576K, used 32K [0x00000000f0000000, 0x00000000fb000000, 0x0000000100000000)
  eden space 88064K, 0% used [0x00000000f0000000,0x00000000f0000000,0x00000000f5600000)
  from space 512K, 6% used [0x00000000f5600000,0x00000000f5608000,0x00000000f5680000)
  to   space 46080K, 0% used [0x00000000f8300000,0x00000000f8300000,0x00000000fb000000)
 ParOldGen       total 190464K, used 114850K [0x00000000d0000000, 0x00000000dba00000, 0x00000000f0000000)
  object space 190464K, 60% used [0x00000000d0000000,0x00000000d70288c0,0x00000000dba00000)
 Metaspace       used 123528K, capacity 131046K, committed 144944K, reserved 1173504K
  class space    used 14808K, capacity 16915K, committed 20784K, reserved 1048576K
Event: 1631,118 GC heap after
Heap after GC invocations=115 (full 32):
 PSYoungGen      total 88576K, used 0K [0x00000000f0000000, 0x00000000fb000000, 0x0000000100000000)
  eden space 88064K, 0% used [0x00000000f0000000,0x00000000f0000000,0x00000000f5600000)
  from space 512K, 0% used [0x00000000f5600000,0x00000000f5600000,0x00000000f5680000)
  to   space 46080K, 0% used [0x00000000f8300000,0x00000000f8300000,0x00000000fb000000)
 ParOldGen       total 190464K, used 114849K [0x00000000d0000000, 0x00000000dba00000, 0x00000000f0000000)
  object space 190464K, 60% used [0x00000000d0000000,0x00000000d70287d0,0x00000000dba00000)
 Metaspace       used 123528K, capacity 131046K, committed 144944K, reserved 1173504K
  class space    used 14808K, capacity 16915K, committed 20784K, reserved 1048576K
}
Event: 1690,808 GC heap before
{Heap before GC invocations=116 (full 32):
 PSYoungGen      total 88576K, used 1351K [0x00000000f0000000, 0x00000000fb000000, 0x0000000100000000)
  eden space 88064K, 1% used [0x00000000f0000000,0x00000000f0151c60,0x00000000f5600000)
  from space 512K, 0% used [0x00000000f5600000,0x00000000f5600000,0x00000000f5680000)
  to   space 46080K, 0% used [0x00000000f8300000,0x00000000f8300000,0x00000000fb000000)
 ParOldGen       total 190464K, used 114849K [0x00000000d0000000, 0x00000000dba00000, 0x00000000f0000000)
  object space 190464K, 60% used [0x00000000d0000000,0x00000000d70287d0,0x00000000dba00000)
 Metaspace       used 123528K, capacity 131046K, committed 144944K, reserved 1173504K
  class space    used 14808K, capacity 16915K, committed 20784K, reserved 1048576K
Event: 1690,815 GC heap after
Heap after GC invocations=116 (full 32):
 PSYoungGen      total 128000K, used 64K [0x00000000f0000000, 0x00000000faa00000, 0x0000000100000000)
  eden space 88064K, 0% used [0x00000000f0000000,0x00000000f0000000,0x00000000f5600000)
  from space 39936K, 0% used [0x00000000f8300000,0x00000000f8310000,0x00000000faa00000)
  to   space 43008K, 0% used [0x00000000f5600000,0x00000000f5600000,0x00000000f8000000)
 ParOldGen       total 190464K, used 114849K [0x00000000d0000000, 0x00000000dba00000, 0x00000000f0000000)
  object space 190464K, 60% used [0x00000000d0000000,0x00000000d70287d0,0x00000000dba00000)
 Metaspace       used 123528K, capacity 131046K, committed 144944K, reserved 1173504K
  class space    used 14808K, capacity 16915K, committed 20784K, reserved 1048576K
}
Event: 1690,815 GC heap before
{Heap before GC invocations=117 (full 33):
 PSYoungGen      total 128000K, used 64K [0x00000000f0000000, 0x00000000faa00000, 0x0000000100000000)
  eden space 88064K, 0% used [0x00000000f0000000,0x00000000f0000000,0x00000000f5600000)
  from space 39936K, 0% used [0x00000000f8300000,0x00000000f8310000,0x00000000faa00000)
  to   space 43008K, 0% used [0x00000000f5600000,0x00000000f5600000,0x00000000f8000000)
 ParOldGen       total 190464K, used 114849K [0x00000000d0000000, 0x00000000dba00000, 0x00000000f0000000)
  object space 190464K, 60% used [0x00000000d0000000,0x00000000d70287d0,0x00000000dba00000)
 Metaspace       used 123528K, capacity 131046K, committed 144944K, reserved 1173504K
  class space    used 14808K, capacity 16915K, committed 20784K, reserved 1048576K
Event: 1690,970 GC heap after
Heap after GC invocations=117 (full 33):
 PSYoungGen      total 128000K, used 0K [0x00000000f0000000, 0x00000000faa00000, 0x0000000100000000)
  eden space 88064K, 0% used [0x00000000f0000000,0x00000000f0000000,0x00000000f5600000)
  from space 39936K, 0% used [0x00000000f8300000,0x00000000f8300000,0x00000000faa00000)
  to   space 43008K, 0% used [0x00000000f5600000,0x00000000f5600000,0x00000000f8000000)
 ParOldGen       total 190464K, used 114849K [0x00000000d0000000, 0x00000000dba00000, 0x00000000f0000000)
  object space 190464K, 60% used [0x00000000d0000000,0x00000000d70287d0,0x00000000dba00000)
 Metaspace       used 123528K, capacity 131046K, committed 144944K, reserved 1173504K
  class space    used 14808K, capacity 16915K, committed 20784K, reserved 1048576K
}
Event: 1750,810 GC heap before
{Heap before GC invocations=118 (full 33):
 PSYoungGen      total 128000K, used 1351K [0x00000000f0000000, 0x00000000faa00000, 0x0000000100000000)
  eden space 88064K, 1% used [0x00000000f0000000,0x00000000f0151c60,0x00000000f5600000)
  from space 39936K, 0% used [0x00000000f8300000,0x00000000f8300000,0x00000000faa00000)
  to   space 43008K, 0% used [0x00000000f5600000,0x00000000f5600000,0x00000000f8000000)
 ParOldGen       total 190464K, used 114849K [0x00000000d0000000, 0x00000000dba00000, 0x00000000f0000000)
  object space 190464K, 60% used [0x00000000d0000000,0x00000000d70287d0,0x00000000dba00000)
 Metaspace       used 123528K, capacity 131046K, committed 144944K, reserved 1173504K
  class space    used 14808K, capacity 16915K, committed 20784K, reserved 1048576K
Event: 1750,815 GC heap after
Heap after GC invocations=118 (full 33):
 PSYoungGen      total 88576K, used 96K [0x00000000f0000000, 0x00000000fa400000, 0x0000000100000000)
  eden space 88064K, 0% used [0x00000000f0000000,0x00000000f0000000,0x00000000f5600000)
  from space 512K, 18% used [0x00000000f5600000,0x00000000f5618000,0x00000000f5680000)
  to   space 39936K, 0% used [0x00000000f7d00000,0x00000000f7d00000,0x00000000fa400000)
 ParOldGen       total 190464K, used 114849K [0x00000000d0000000, 0x00000000dba00000, 0x00000000f0000000)
  object space 190464K, 60% used [0x00000000d0000000,0x00000000d70287d0,0x00000000dba00000)
 Metaspace       used 123528K, capacity 131046K, committed 144944K, reserved 1173504K
  class space    used 14808K, capacity 16915K, committed 20784K, reserved 1048576K
}
Event: 1750,815 GC heap before
{Heap before GC invocations=119 (full 34):
 PSYoungGen      total 88576K, used 96K [0x00000000f0000000, 0x00000000fa400000, 0x0000000100000000)
  eden space 88064K, 0% used [0x00000000f0000000,0x00000000f0000000,0x00000000f5600000)
  from space 512K, 18% used [0x00000000f5600000,0x00000000f5618000,0x00000000f5680000)
  to   space 39936K, 0% used [0x00000000f7d00000,0x00000000f7d00000,0x00000000fa400000)
 ParOldGen       total 190464K, used 114849K [0x00000000d0000000, 0x00000000dba00000, 0x00000000f0000000)
  object space 190464K, 60% used [0x00000000d0000000,0x00000000d70287d0,0x00000000dba00000)
 Metaspace       used 123528K, capacity 131046K, committed 144944K, reserved 1173504K
  class space    used 14808K, capacity 16915K, committed 20784K, reserved 1048576K
Event: 1750,971 GC heap after
Heap after GC invocations=119 (full 34):
 PSYoungGen      total 88576K, used 0K [0x00000000f0000000, 0x00000000fa400000, 0x0000000100000000)
  eden space 88064K, 0% used [0x00000000f0000000,0x00000000f0000000,0x00000000f5600000)
  from space 512K, 0% used [0x00000000f5600000,0x00000000f5600000,0x00000000f5680000)
  to   space 39936K, 0% used [0x00000000f7d00000,0x00000000f7d00000,0x00000000fa400000)
 ParOldGen       total 190464K, used 114849K [0x00000000d0000000, 0x00000000dba00000, 0x00000000f0000000)
  object space 190464K, 60% used [0x00000000d0000000,0x00000000d70287d0,0x00000000dba00000)
 Metaspace       used 123528K, capacity 131046K, committed 144944K, reserved 1173504K
  class space    used 14808K, capacity 16915K, committed 20784K, reserved 1048576K
}

